Release 14.6 - xst P.68d (nt64)
Copyright (c) 1995-2013 Xilinx, Inc.  All rights reserved.
--> Parameter TMPDIR set to xst/projnav.tmp


Total REAL time to Xst completion: 0.00 secs
Total CPU time to Xst completion: 0.14 secs
 
--> Parameter xsthdpdir set to xst


Total REAL time to Xst completion: 0.00 secs
Total CPU time to Xst completion: 0.14 secs
 
--> Reading design: clk_divider.prj

TABLE OF CONTENTS
  1) Synthesis Options Summary
  2) HDL Compilation
  3) Design Hierarchy Analysis
  4) HDL Analysis
  5) HDL Synthesis
     5.1) HDL Synthesis Report
  6) Advanced HDL Synthesis
     6.1) Advanced HDL Synthesis Report
  7) Low Level Synthesis
  8) Partition Report
  9) Final Report
	9.1) Device utilization summary
	9.2) Partition Resource Summary
	9.3) TIMING REPORT


=========================================================================
*                      Synthesis Options Summary                        *
=========================================================================
---- Source Parameters
Input File Name                    : "clk_divider.prj"
Input Format                       : mixed
Ignore Synthesis Constraint File   : NO

---- Target Parameters
Output File Name                   : "clk_divider"
Output Format                      : NGC
Target Device                      : xc3s200-4-ft256

---- Source Options
Top Module Name                    : clk_divider
Automatic FSM Extraction           : YES
FSM Encoding Algorithm             : Auto
Safe Implementation                : No
FSM Style                          : LUT
RAM Extraction                     : Yes
RAM Style                          : Auto
ROM Extraction                     : Yes
Mux Style                          : Auto
Decoder Extraction                 : YES
Priority Encoder Extraction        : Yes
Shift Register Extraction          : YES
Logical Shifter Extraction         : YES
XOR Collapsing                     : YES
ROM Style                          : Auto
Mux Extraction                     : Yes
Resource Sharing                   : YES
Asynchronous To Synchronous        : NO
Multiplier Style                   : Auto
Automatic Register Balancing       : No

---- Target Options
Add IO Buffers                     : YES
Global Maximum Fanout              : 100000
Add Generic Clock Buffer(BUFG)     : 8
Register Duplication               : YES
Slice Packing                      : YES
Optimize Instantiated Primitives   : NO
Use Clock Enable                   : Yes
Use Synchronous Set                : Yes
Use Synchronous Reset              : Yes
Pack IO Registers into IOBs        : Auto
Equivalent register Removal        : YES

---- General Options
Optimization Goal                  : Speed
Optimization Effort                : 1
Keep Hierarchy                     : No
Netlist Hierarchy                  : As_Optimized
RTL Output                         : Yes
Global Optimization                : AllClockNets
Read Cores                         : YES
Write Timing Constraints           : NO
Cross Clock Analysis               : NO
Hierarchy Separator                : /
Bus Delimiter                      : <>
Case Specifier                     : Maintain
Slice Utilization Ratio            : 100
BRAM Utilization Ratio             : 100
Verilog 2001                       : YES
Auto BRAM Packing                  : NO
Slice Utilization Ratio Delta      : 5

=========================================================================


=========================================================================
*                          HDL Compilation                              *
=========================================================================
Compiling vhdl file "E:/CPE 4ETI/Keyboard_controller/clk_divider.vhd" in Library work.
Architecture behavioral of Entity clk_divider is up to date.

=========================================================================
*                     Design Hierarchy Analysis                         *
=========================================================================
Analyzing hierarchy for entity <clk_divider> in library <work> (architecture <behavioral>) with generics.
	N = 25000


=========================================================================
*                            HDL Analysis                               *
=========================================================================
Analyzing generic Entity <clk_divider> in library <work> (Architecture <behavioral>).
	N = 25000
Entity <clk_divider> analyzed. Unit <clk_divider> generated.


=========================================================================
*                           HDL Synthesis                               *
=========================================================================

Performing bidirectional port resolution...

Synthesizing Unit <clk_divider>.
    Related source file is "E:/CPE 4ETI/Keyboard_controller/clk_divider.vhd".
    Found 1-bit register for signal <clk_out_int>.
    Found 15-bit comparator less for signal <clk_out_int$cmp_lt0000> created at line 49.
    Found 15-bit up counter for signal <vcount>.
    Summary:
	inferred   1 Counter(s).
	inferred   1 D-type flip-flop(s).
	inferred   1 Comparator(s).
Unit <clk_divider> synthesized.


=========================================================================
HDL Synthesis Report

Macro Statistics
# Counters                                             : 1
 15-bit up counter                                     : 1
# Registers                                            : 1
 1-bit register                                        : 1
# Comparators                                          : 1
 15-bit comparator less                                : 1

=========================================================================

=========================================================================
*                       Advanced HDL Synthesis                          *
=========================================================================


=========================================================================
Advanced HDL Synthesis Report

Macro Statistics
# Counters                                             : 1
 15-bit up counter                                     : 1
# Registers                                            : 1
 Flip-Flops                                            : 1
# Comparators                                          : 1
 15-bit comparator less                                : 1

=========================================================================

=========================================================================
*                         Low Level Synthesis                           *
=========================================================================

Optimizing unit <clk_divider> ...

Mapping all equations...
Building and optimizing final netlist ...
Found area constraint ratio of 100 (+ 5) on block clk_divider, actual ratio is 0.

Final Macro Processing ...

=========================================================================
Final Register Report

Macro Statistics
# Registers                                            : 16
 Flip-Flops                                            : 16

=========================================================================

=========================================================================
*                           Partition Report                            *
=========================================================================

Partition Implementation Status
-------------------------------

  No Partitions were found in this design.

-------------------------------

=========================================================================
*                            Final Report                               *
=========================================================================
Final Results
RTL Top Level Output File Name     : clk_divider.ngr
Top Level Output File Name         : clk_divider
Output Format                      : NGC
Optimization Goal                  : Speed
Keep Hierarchy                     : No

Design Statistics
# IOs                              : 2

Cell Usage :
# BELS                             : 61
#      GND                         : 1
#      INV                         : 4
#      LUT1                        : 16
#      LUT2                        : 2
#      LUT4                        : 1
#      MUXCY                       : 21
#      VCC                         : 1
#      XORCY                       : 15
# FlipFlops/Latches                : 16
#      FDE                         : 1
#      FDR                         : 15
# Clock Buffers                    : 1
#      BUFGP                       : 1
# IO Buffers                       : 1
#      OBUF                        : 1
=========================================================================

Device utilization summary:
---------------------------

Selected Device : 3s200ft256-4 

 Number of Slices:                       13  out of   1920     0%  
 Number of Slice Flip Flops:             16  out of   3840     0%  
 Number of 4 input LUTs:                 23  out of   3840     0%  
 Number of IOs:                           2
 Number of bonded IOBs:                   2  out of    173     1%  
 Number of GCLKs:                         1  out of      8    12%  

---------------------------
Partition Resource Summary:
---------------------------

  No Partitions were found in this design.

---------------------------


=========================================================================
TIMING REPORT

NOTE: THESE TIMING NUMBERS ARE ONLY A SYNTHESIS ESTIMATE.
      FOR ACCURATE TIMING INFORMATION PLEASE REFER TO THE TRACE REPORT
      GENERATED AFTER PLACE-and-ROUTE.

Clock Information:
------------------
-----------------------------------+------------------------+-------+
Clock Signal                       | Clock buffer(FF name)  | Load  |
-----------------------------------+------------------------+-------+
clk_50M                            | BUFGP                  | 16    |
-----------------------------------+------------------------+-------+

Asynchronous Control Signals Information:
----------------------------------------
No asynchronous control signals found in this design

Timing Summary:
---------------
Speed Grade: -4

   Minimum period: 5.851ns (Maximum Frequency: 170.911MHz)
   Minimum input arrival time before clock: No path found
   Maximum output required time after clock: 7.241ns
   Maximum combinational path delay: No path found

Timing Detail:
--------------
All values displayed in nanoseconds (ns)

=========================================================================
Timing constraint: Default period analysis for Clock 'clk_50M'
  Clock period: 5.851ns (frequency: 170.911MHz)
  Total number of paths / destination ports: 313 / 32
-------------------------------------------------------------------------
Delay:               5.851ns (Levels of Logic = 8)
  Source:            vcount_3 (FF)
  Destination:       vcount_0 (FF)
  Source Clock:      clk_50M rising
  Destination Clock: clk_50M rising

  Data Path: vcount_3 to vcount_0
                                Gate     Net
    Cell:in->out      fanout   Delay   Delay  Logical Name (Net Name)
    ----------------------------------------  ------------
     FDR:C->Q              2   0.720   1.216  vcount_3 (vcount_3)
     LUT1:I0->O            1   0.551   0.000  Mcompar_clk_out_int_cmp_lt0000_cy<0>_rt (Mcompar_clk_out_int_cmp_lt0000_cy<0>_rt)
     MUXCY:S->O            1   0.500   0.000  Mcompar_clk_out_int_cmp_lt0000_cy<0> (Mcompar_clk_out_int_cmp_lt0000_cy<0>)
     MUXCY:CI->O           1   0.064   0.000  Mcompar_clk_out_int_cmp_lt0000_cy<1> (Mcompar_clk_out_int_cmp_lt0000_cy<1>)
     MUXCY:CI->O           1   0.064   0.000  Mcompar_clk_out_int_cmp_lt0000_cy<2> (Mcompar_clk_out_int_cmp_lt0000_cy<2>)
     MUXCY:CI->O           1   0.064   0.000  Mcompar_clk_out_int_cmp_lt0000_cy<3> (Mcompar_clk_out_int_cmp_lt0000_cy<3>)
     MUXCY:CI->O           1   0.064   0.000  Mcompar_clk_out_int_cmp_lt0000_cy<4> (Mcompar_clk_out_int_cmp_lt0000_cy<4>)
     MUXCY:CI->O           1   0.064   0.000  Mcompar_clk_out_int_cmp_lt0000_cy<5> (Mcompar_clk_out_int_cmp_lt0000_cy<5>)
     MUXCY:CI->O          16   0.281   1.237  Mcompar_clk_out_int_cmp_lt0000_cy<6> (Mcompar_clk_out_int_cmp_lt0000_cy<6>)
     FDR:R                     1.026          vcount_0
    ----------------------------------------
    Total                      5.851ns (3.398ns logic, 2.453ns route)
                                       (58.1% logic, 41.9% route)

=========================================================================
Timing constraint: Default OFFSET OUT AFTER for Clock 'clk_50M'
  Total number of paths / destination ports: 1 / 1
-------------------------------------------------------------------------
Offset:              7.241ns (Levels of Logic = 1)
  Source:            clk_out_int (FF)
  Destination:       clk_out (PAD)
  Source Clock:      clk_50M rising

  Data Path: clk_out_int to clk_out
                                Gate     Net
    Cell:in->out      fanout   Delay   Delay  Logical Name (Net Name)
    ----------------------------------------  ------------
     FDE:C->Q              2   0.720   0.877  clk_out_int (clk_out_int)
     OBUF:I->O                 5.644          clk_out_OBUF (clk_out)
    ----------------------------------------
    Total                      7.241ns (6.364ns logic, 0.877ns route)
                                       (87.9% logic, 12.1% route)

=========================================================================


Total REAL time to Xst completion: 6.00 secs
Total CPU time to Xst completion: 6.81 secs
 
--> 

Total memory usage is 256196 kilobytes

Number of errors   :    0 (   0 filtered)
Number of warnings :    0 (   0 filtered)
Number of infos    :    0 (   0 filtered)

