Release 14.6 - xst P.68d (nt64)
Copyright (c) 1995-2013 Xilinx, Inc.  All rights reserved.
--> Parameter TMPDIR set to xst/projnav.tmp


Total REAL time to Xst completion: 0.00 secs
Total CPU time to Xst completion: 0.10 secs
 
--> Parameter xsthdpdir set to xst


Total REAL time to Xst completion: 0.00 secs
Total CPU time to Xst completion: 0.11 secs
 
--> Reading design: counter_2b.prj

TABLE OF CONTENTS
  1) Synthesis Options Summary
  2) HDL Compilation
  3) Design Hierarchy Analysis
  4) HDL Analysis
  5) HDL Synthesis
     5.1) HDL Synthesis Report
  6) Advanced HDL Synthesis
     6.1) Advanced HDL Synthesis Report
  7) Low Level Synthesis
  8) Partition Report
  9) Final Report
	9.1) Device utilization summary
	9.2) Partition Resource Summary
	9.3) TIMING REPORT


=========================================================================
*                      Synthesis Options Summary                        *
=========================================================================
---- Source Parameters
Input File Name                    : "counter_2b.prj"
Input Format                       : mixed
Ignore Synthesis Constraint File   : NO

---- Target Parameters
Output File Name                   : "counter_2b"
Output Format                      : NGC
Target Device                      : xc3s200-4-ft256

---- Source Options
Top Module Name                    : counter_2b
Automatic FSM Extraction           : YES
FSM Encoding Algorithm             : Auto
Safe Implementation                : No
FSM Style                          : LUT
RAM Extraction                     : Yes
RAM Style                          : Auto
ROM Extraction                     : Yes
Mux Style                          : Auto
Decoder Extraction                 : YES
Priority Encoder Extraction        : Yes
Shift Register Extraction          : YES
Logical Shifter Extraction         : YES
XOR Collapsing                     : YES
ROM Style                          : Auto
Mux Extraction                     : Yes
Resource Sharing                   : YES
Asynchronous To Synchronous        : NO
Multiplier Style                   : Auto
Automatic Register Balancing       : No

---- Target Options
Add IO Buffers                     : YES
Global Maximum Fanout              : 100000
Add Generic Clock Buffer(BUFG)     : 8
Register Duplication               : YES
Slice Packing                      : YES
Optimize Instantiated Primitives   : NO
Use Clock Enable                   : Yes
Use Synchronous Set                : Yes
Use Synchronous Reset              : Yes
Pack IO Registers into IOBs        : Auto
Equivalent register Removal        : YES

---- General Options
Optimization Goal                  : Speed
Optimization Effort                : 1
Keep Hierarchy                     : No
Netlist Hierarchy                  : As_Optimized
RTL Output                         : Yes
Global Optimization                : AllClockNets
Read Cores                         : YES
Write Timing Constraints           : NO
Cross Clock Analysis               : NO
Hierarchy Separator                : /
Bus Delimiter                      : <>
Case Specifier                     : Maintain
Slice Utilization Ratio            : 100
BRAM Utilization Ratio             : 100
Verilog 2001                       : YES
Auto BRAM Packing                  : NO
Slice Utilization Ratio Delta      : 5

=========================================================================


=========================================================================
*                          HDL Compilation                              *
=========================================================================
Compiling vhdl file "C:/Users/valentin.beynard/Documents/Keyboard_controller/clk_divider.vhd" in Library work.
Architecture behavioral of Entity clk_divider is up to date.
Compiling vhdl file "C:/Users/valentin.beynard/Documents/Keyboard_controller/counter_2b.vhd" in Library work.
Entity <counter_2b> compiled.
Entity <counter_2b> (Architecture <behavioral>) compiled.

=========================================================================
*                     Design Hierarchy Analysis                         *
=========================================================================
Analyzing hierarchy for entity <counter_2b> in library <work> (architecture <behavioral>).

Analyzing hierarchy for entity <clk_divider> in library <work> (architecture <behavioral>) with generics.
	N = 35000


=========================================================================
*                            HDL Analysis                               *
=========================================================================
Analyzing Entity <counter_2b> in library <work> (Architecture <behavioral>).
Entity <counter_2b> analyzed. Unit <counter_2b> generated.

Analyzing generic Entity <clk_divider> in library <work> (Architecture <behavioral>).
	N = 35000
Entity <clk_divider> analyzed. Unit <clk_divider> generated.


=========================================================================
*                           HDL Synthesis                               *
=========================================================================

Performing bidirectional port resolution...

Synthesizing Unit <clk_divider>.
    Related source file is "C:/Users/valentin.beynard/Documents/Keyboard_controller/clk_divider.vhd".
    Found 1-bit register for signal <clk_out_int>.
    Found 16-bit comparator less for signal <clk_out_int$cmp_lt0000> created at line 49.
    Found 16-bit up counter for signal <vcount>.
    Summary:
	inferred   1 Counter(s).
	inferred   1 D-type flip-flop(s).
	inferred   1 Comparator(s).
Unit <clk_divider> synthesized.


Synthesizing Unit <counter_2b>.
    Related source file is "C:/Users/valentin.beynard/Documents/Keyboard_controller/counter_2b.vhd".
    Found 2-bit up counter for signal <count_int>.
    Summary:
	inferred   1 Counter(s).
Unit <counter_2b> synthesized.


=========================================================================
HDL Synthesis Report

Macro Statistics
# Counters                                             : 2
 16-bit up counter                                     : 1
 2-bit up counter                                      : 1
# Registers                                            : 1
 1-bit register                                        : 1
# Comparators                                          : 1
 16-bit comparator less                                : 1

=========================================================================

=========================================================================
*                       Advanced HDL Synthesis                          *
=========================================================================


=========================================================================
Advanced HDL Synthesis Report

Macro Statistics
# Counters                                             : 2
 16-bit up counter                                     : 1
 2-bit up counter                                      : 1
# Registers                                            : 1
 Flip-Flops                                            : 1
# Comparators                                          : 1
 16-bit comparator less                                : 1

=========================================================================

=========================================================================
*                         Low Level Synthesis                           *
=========================================================================

Optimizing unit <counter_2b> ...

Mapping all equations...
Building and optimizing final netlist ...
Found area constraint ratio of 100 (+ 5) on block counter_2b, actual ratio is 0.

Final Macro Processing ...

=========================================================================
Final Register Report

Macro Statistics
# Registers                                            : 19
 Flip-Flops                                            : 19

=========================================================================

=========================================================================
*                           Partition Report                            *
=========================================================================

Partition Implementation Status
-------------------------------

  No Partitions were found in this design.

-------------------------------

=========================================================================
*                            Final Report                               *
=========================================================================
Final Results
RTL Top Level Output File Name     : counter_2b.ngr
Top Level Output File Name         : counter_2b
Output Format                      : NGC
Optimization Goal                  : Speed
Keep Hierarchy                     : No

Design Statistics
# IOs                              : 5

Cell Usage :
# BELS                             : 66
#      GND                         : 1
#      INV                         : 4
#      LUT1                        : 18
#      LUT2                        : 1
#      LUT3                        : 3
#      MUXCY                       : 22
#      VCC                         : 1
#      XORCY                       : 16
# FlipFlops/Latches                : 19
#      FDE                         : 1
#      FDR                         : 16
#      FDRE                        : 2
# Clock Buffers                    : 1
#      BUFGP                       : 1
# IO Buffers                       : 4
#      IBUF                        : 2
#      OBUF                        : 2
=========================================================================

Device utilization summary:
---------------------------

Selected Device : 3s200ft256-4 

 Number of Slices:                       14  out of   1920     0%  
 Number of Slice Flip Flops:             19  out of   3840     0%  
 Number of 4 input LUTs:                 26  out of   3840     0%  
 Number of IOs:                           5
 Number of bonded IOBs:                   5  out of    173     2%  
 Number of GCLKs:                         1  out of      8    12%  

---------------------------
Partition Resource Summary:
---------------------------

  No Partitions were found in this design.

---------------------------


=========================================================================
TIMING REPORT

NOTE: THESE TIMING NUMBERS ARE ONLY A SYNTHESIS ESTIMATE.
      FOR ACCURATE TIMING INFORMATION PLEASE REFER TO THE TRACE REPORT
      GENERATED AFTER PLACE-and-ROUTE.

Clock Information:
------------------
-----------------------------------+------------------------+-------+
Clock Signal                       | Clock buffer(FF name)  | Load  |
-----------------------------------+------------------------+-------+
clk                                | BUFGP                  | 17    |
U0/clk_out_int                     | NONE(count_int_0)      | 2     |
-----------------------------------+------------------------+-------+
INFO:Xst:2169 - HDL ADVISOR - Some clock signals were not automatically buffered by XST with BUFG/BUFR resources. Please use the buffer_type constraint in order to insert these buffers to the clock signals to help prevent skew problems.

Asynchronous Control Signals Information:
----------------------------------------
No asynchronous control signals found in this design

Timing Summary:
---------------
Speed Grade: -4

   Minimum period: 5.959ns (Maximum Frequency: 167.813MHz)
   Minimum input arrival time before clock: 2.724ns
   Maximum output required time after clock: 7.271ns
   Maximum combinational path delay: No path found

Timing Detail:
--------------
All values displayed in nanoseconds (ns)

=========================================================================
Timing constraint: Default period analysis for Clock 'clk'
  Clock period: 5.959ns (frequency: 167.813MHz)
  Total number of paths / destination ports: 358 / 34
-------------------------------------------------------------------------
Delay:               5.959ns (Levels of Logic = 8)
  Source:            U0/vcount_3 (FF)
  Destination:       U0/vcount_0 (FF)
  Source Clock:      clk rising
  Destination Clock: clk rising

  Data Path: U0/vcount_3 to U0/vcount_0
                                Gate     Net
    Cell:in->out      fanout   Delay   Delay  Logical Name (Net Name)
    ----------------------------------------  ------------
     FDR:C->Q              2   0.720   1.216  U0/vcount_3 (U0/vcount_3)
     LUT3:I0->O            1   0.551   0.000  U0/Mcompar_clk_out_int_cmp_lt0000_lut<0> (U0/Mcompar_clk_out_int_cmp_lt0000_lut<0>)
     MUXCY:S->O            1   0.500   0.000  U0/Mcompar_clk_out_int_cmp_lt0000_cy<0> (U0/Mcompar_clk_out_int_cmp_lt0000_cy<0>)
     MUXCY:CI->O           1   0.064   0.000  U0/Mcompar_clk_out_int_cmp_lt0000_cy<1> (U0/Mcompar_clk_out_int_cmp_lt0000_cy<1>)
     MUXCY:CI->O           1   0.064   0.000  U0/Mcompar_clk_out_int_cmp_lt0000_cy<2> (U0/Mcompar_clk_out_int_cmp_lt0000_cy<2>)
     MUXCY:CI->O           1   0.064   0.000  U0/Mcompar_clk_out_int_cmp_lt0000_cy<3> (U0/Mcompar_clk_out_int_cmp_lt0000_cy<3>)
     MUXCY:CI->O           1   0.064   0.000  U0/Mcompar_clk_out_int_cmp_lt0000_cy<4> (U0/Mcompar_clk_out_int_cmp_lt0000_cy<4>)
     MUXCY:CI->O           1   0.064   0.000  U0/Mcompar_clk_out_int_cmp_lt0000_cy<5> (U0/Mcompar_clk_out_int_cmp_lt0000_cy<5>)
     MUXCY:CI->O          17   0.281   1.345  U0/Mcompar_clk_out_int_cmp_lt0000_cy<6> (U0/Mcompar_clk_out_int_cmp_lt0000_cy<6>)
     FDR:R                     1.026          U0/vcount_0
    ----------------------------------------
    Total                      5.959ns (3.398ns logic, 2.561ns route)
                                       (57.0% logic, 43.0% route)

=========================================================================
Timing constraint: Default period analysis for Clock 'U0/clk_out_int'
  Clock period: 3.182ns (frequency: 314.268MHz)
  Total number of paths / destination ports: 3 / 2
-------------------------------------------------------------------------
Delay:               3.182ns (Levels of Logic = 1)
  Source:            count_int_0 (FF)
  Destination:       count_int_0 (FF)
  Source Clock:      U0/clk_out_int rising
  Destination Clock: U0/clk_out_int rising

  Data Path: count_int_0 to count_int_0
                                Gate     Net
    Cell:in->out      fanout   Delay   Delay  Logical Name (Net Name)
    ----------------------------------------  ------------
     FDRE:C->Q             3   0.720   0.907  count_int_0 (count_int_0)
     INV:I->O              1   0.551   0.801  Mcount_count_int_xor<0>11_INV_0 (Result<0>1)
     FDRE:D                    0.203          count_int_0
    ----------------------------------------
    Total                      3.182ns (1.474ns logic, 1.708ns route)
                                       (46.3% logic, 53.7% route)

=========================================================================
Timing constraint: Default OFFSET IN BEFORE for Clock 'U0/clk_out_int'
  Total number of paths / destination ports: 4 / 4
-------------------------------------------------------------------------
Offset:              2.724ns (Levels of Logic = 1)
  Source:            rst (PAD)
  Destination:       count_int_0 (FF)
  Destination Clock: U0/clk_out_int rising

  Data Path: rst to count_int_0
                                Gate     Net
    Cell:in->out      fanout   Delay   Delay  Logical Name (Net Name)
    ----------------------------------------  ------------
     IBUF:I->O             2   0.821   0.877  rst_IBUF (rst_IBUF)
     FDRE:R                    1.026          count_int_0
    ----------------------------------------
    Total                      2.724ns (1.847ns logic, 0.877ns route)
                                       (67.8% logic, 32.2% route)

=========================================================================
Timing constraint: Default OFFSET OUT AFTER for Clock 'U0/clk_out_int'
  Total number of paths / destination ports: 2 / 2
-------------------------------------------------------------------------
Offset:              7.271ns (Levels of Logic = 1)
  Source:            count_int_0 (FF)
  Destination:       count<0> (PAD)
  Source Clock:      U0/clk_out_int rising

  Data Path: count_int_0 to count<0>
                                Gate     Net
    Cell:in->out      fanout   Delay   Delay  Logical Name (Net Name)
    ----------------------------------------  ------------
     FDRE:C->Q             3   0.720   0.907  count_int_0 (count_int_0)
     OBUF:I->O                 5.644          count_0_OBUF (count<0>)
    ----------------------------------------
    Total                      7.271ns (6.364ns logic, 0.907ns route)
                                       (87.5% logic, 12.5% route)

=========================================================================


Total REAL time to Xst completion: 5.00 secs
Total CPU time to Xst completion: 4.47 secs
 
--> 

Total memory usage is 257732 kilobytes

Number of errors   :    0 (   0 filtered)
Number of warnings :    0 (   0 filtered)
Number of infos    :    1 (   0 filtered)

