Release 14.7 - xst P.20131013 (nt64)
Copyright (c) 1995-2013 Xilinx, Inc.  All rights reserved.
--> Parameter TMPDIR set to xst/projnav.tmp


Total REAL time to Xst completion: 0.00 secs
Total CPU time to Xst completion: 0.11 secs
 
--> Parameter xsthdpdir set to xst


Total REAL time to Xst completion: 0.00 secs
Total CPU time to Xst completion: 0.11 secs
 
--> Reading design: display_controller.prj

TABLE OF CONTENTS
  1) Synthesis Options Summary
  2) HDL Compilation
  3) Design Hierarchy Analysis
  4) HDL Analysis
  5) HDL Synthesis
     5.1) HDL Synthesis Report
  6) Advanced HDL Synthesis
     6.1) Advanced HDL Synthesis Report
  7) Low Level Synthesis
  8) Partition Report
  9) Final Report
	9.1) Device utilization summary
	9.2) Partition Resource Summary
	9.3) TIMING REPORT


=========================================================================
*                      Synthesis Options Summary                        *
=========================================================================
---- Source Parameters
Input File Name                    : "display_controller.prj"
Input Format                       : mixed
Ignore Synthesis Constraint File   : NO

---- Target Parameters
Output File Name                   : "display_controller"
Output Format                      : NGC
Target Device                      : xc3s200-4-ft256

---- Source Options
Top Module Name                    : display_controller
Automatic FSM Extraction           : YES
FSM Encoding Algorithm             : Auto
Safe Implementation                : No
FSM Style                          : LUT
RAM Extraction                     : Yes
RAM Style                          : Auto
ROM Extraction                     : Yes
Mux Style                          : Auto
Decoder Extraction                 : YES
Priority Encoder Extraction        : Yes
Shift Register Extraction          : YES
Logical Shifter Extraction         : YES
XOR Collapsing                     : YES
ROM Style                          : Auto
Mux Extraction                     : Yes
Resource Sharing                   : YES
Asynchronous To Synchronous        : NO
Multiplier Style                   : Auto
Automatic Register Balancing       : No

---- Target Options
Add IO Buffers                     : YES
Global Maximum Fanout              : 100000
Add Generic Clock Buffer(BUFG)     : 8
Register Duplication               : YES
Slice Packing                      : YES
Optimize Instantiated Primitives   : NO
Use Clock Enable                   : Yes
Use Synchronous Set                : Yes
Use Synchronous Reset              : Yes
Pack IO Registers into IOBs        : Auto
Equivalent register Removal        : YES

---- General Options
Optimization Goal                  : Speed
Optimization Effort                : 1
Keep Hierarchy                     : No
Netlist Hierarchy                  : As_Optimized
RTL Output                         : Yes
Global Optimization                : AllClockNets
Read Cores                         : YES
Write Timing Constraints           : NO
Cross Clock Analysis               : NO
Hierarchy Separator                : /
Bus Delimiter                      : <>
Case Specifier                     : Maintain
Slice Utilization Ratio            : 100
BRAM Utilization Ratio             : 100
Verilog 2001                       : YES
Auto BRAM Packing                  : NO
Slice Utilization Ratio Delta      : 5

=========================================================================


=========================================================================
*                          HDL Compilation                              *
=========================================================================
Compiling vhdl file "L:/CPE 4ETI/Keyboard_controller/clk_divider.vhd" in Library work.
Architecture behavioral of Entity clk_divider is up to date.
Compiling vhdl file "L:/CPE 4ETI/Keyboard_controller/display_controller.vhd" in Library work.
Entity <display_controller> compiled.
Entity <display_controller> (Architecture <behavioral>) compiled.

=========================================================================
*                     Design Hierarchy Analysis                         *
=========================================================================
Analyzing hierarchy for entity <display_controller> in library <work> (architecture <behavioral>).

Analyzing hierarchy for entity <clk_divider> in library <work> (architecture <behavioral>) with generics.
	N = 200000


=========================================================================
*                            HDL Analysis                               *
=========================================================================
Analyzing Entity <display_controller> in library <work> (Architecture <behavioral>).
Entity <display_controller> analyzed. Unit <display_controller> generated.

Analyzing generic Entity <clk_divider> in library <work> (Architecture <behavioral>).
	N = 200000
Entity <clk_divider> analyzed. Unit <clk_divider> generated.


=========================================================================
*                           HDL Synthesis                               *
=========================================================================

Performing bidirectional port resolution...

Synthesizing Unit <clk_divider>.
    Related source file is "L:/CPE 4ETI/Keyboard_controller/clk_divider.vhd".
    Found 1-bit register for signal <clk_out_int>.
    Found 18-bit comparator less for signal <clk_out_int$cmp_lt0000> created at line 49.
    Found 18-bit up counter for signal <vcount>.
    Summary:
	inferred   1 Counter(s).
	inferred   1 D-type flip-flop(s).
	inferred   1 Comparator(s).
Unit <clk_divider> synthesized.


Synthesizing Unit <display_controller>.
    Related source file is "L:/CPE 4ETI/Keyboard_controller/display_controller.vhd".
    Found 4x4-bit ROM for signal <AN>.
    Found 2-bit up counter for signal <counter>.
    Summary:
	inferred   1 ROM(s).
	inferred   1 Counter(s).
Unit <display_controller> synthesized.


=========================================================================
HDL Synthesis Report

Macro Statistics
# ROMs                                                 : 1
 4x4-bit ROM                                           : 1
# Counters                                             : 2
 18-bit up counter                                     : 1
 2-bit up counter                                      : 1
# Registers                                            : 1
 1-bit register                                        : 1
# Comparators                                          : 1
 18-bit comparator less                                : 1

=========================================================================

=========================================================================
*                       Advanced HDL Synthesis                          *
=========================================================================


=========================================================================
Advanced HDL Synthesis Report

Macro Statistics
# ROMs                                                 : 1
 4x4-bit ROM                                           : 1
# Counters                                             : 2
 18-bit up counter                                     : 1
 2-bit up counter                                      : 1
# Registers                                            : 1
 Flip-Flops                                            : 1
# Comparators                                          : 1
 18-bit comparator less                                : 1

=========================================================================

=========================================================================
*                         Low Level Synthesis                           *
=========================================================================

Optimizing unit <display_controller> ...

Mapping all equations...
Building and optimizing final netlist ...
Found area constraint ratio of 100 (+ 5) on block display_controller, actual ratio is 0.

Final Macro Processing ...

=========================================================================
Final Register Report

Macro Statistics
# Registers                                            : 21
 Flip-Flops                                            : 21

=========================================================================

=========================================================================
*                           Partition Report                            *
=========================================================================

Partition Implementation Status
-------------------------------

  No Partitions were found in this design.

-------------------------------

=========================================================================
*                            Final Report                               *
=========================================================================
Final Results
RTL Top Level Output File Name     : display_controller.ngr
Top Level Output File Name         : display_controller
Output Format                      : NGC
Optimization Goal                  : Speed
Keep Hierarchy                     : No

Design Statistics
# IOs                              : 7

Cell Usage :
# BELS                             : 75
#      GND                         : 1
#      INV                         : 4
#      LUT1                        : 19
#      LUT2                        : 7
#      LUT4                        : 1
#      MUXCY                       : 24
#      VCC                         : 1
#      XORCY                       : 18
# FlipFlops/Latches                : 21
#      FD                          : 1
#      FDE                         : 1
#      FDR                         : 19
# Clock Buffers                    : 1
#      BUFGP                       : 1
# IO Buffers                       : 6
#      OBUF                        : 6
=========================================================================

Device utilization summary:
---------------------------

Selected Device : 3s200ft256-4 

 Number of Slices:                       16  out of   1920     0%  
 Number of Slice Flip Flops:             21  out of   3840     0%  
 Number of 4 input LUTs:                 31  out of   3840     0%  
 Number of IOs:                           7
 Number of bonded IOBs:                   7  out of    173     4%  
 Number of GCLKs:                         1  out of      8    12%  

---------------------------
Partition Resource Summary:
---------------------------

  No Partitions were found in this design.

---------------------------


=========================================================================
TIMING REPORT

NOTE: THESE TIMING NUMBERS ARE ONLY A SYNTHESIS ESTIMATE.
      FOR ACCURATE TIMING INFORMATION PLEASE REFER TO THE TRACE REPORT
      GENERATED AFTER PLACE-and-ROUTE.

Clock Information:
------------------
-----------------------------------+------------------------+-------+
Clock Signal                       | Clock buffer(FF name)  | Load  |
-----------------------------------+------------------------+-------+
clk                                | BUFGP                  | 19    |
u_clk_divider/clk_out_int          | NONE(counter_1)        | 2     |
-----------------------------------+------------------------+-------+
INFO:Xst:2169 - HDL ADVISOR - Some clock signals were not automatically buffered by XST with BUFG/BUFR resources. Please use the buffer_type constraint in order to insert these buffers to the clock signals to help prevent skew problems.

Asynchronous Control Signals Information:
----------------------------------------
No asynchronous control signals found in this design

Timing Summary:
---------------
Speed Grade: -4

   Minimum period: 6.064ns (Maximum Frequency: 164.908MHz)
   Minimum input arrival time before clock: No path found
   Maximum output required time after clock: 9.121ns
   Maximum combinational path delay: No path found

Timing Detail:
--------------
All values displayed in nanoseconds (ns)

=========================================================================
Timing constraint: Default period analysis for Clock 'clk'
  Clock period: 6.064ns (frequency: 164.908MHz)
  Total number of paths / destination ports: 400 / 38
-------------------------------------------------------------------------
Delay:               6.064ns (Levels of Logic = 8)
  Source:            u_clk_divider/vcount_6 (FF)
  Destination:       u_clk_divider/vcount_0 (FF)
  Source Clock:      clk rising
  Destination Clock: clk rising

  Data Path: u_clk_divider/vcount_6 to u_clk_divider/vcount_0
                                Gate     Net
    Cell:in->out      fanout   Delay   Delay  Logical Name (Net Name)
    ----------------------------------------  ------------
     FDR:C->Q              2   0.720   1.216  u_clk_divider/vcount_6 (u_clk_divider/vcount_6)
     LUT1:I0->O            1   0.551   0.000  u_clk_divider/Mcompar_clk_out_int_cmp_lt0000_cy<0>_rt (u_clk_divider/Mcompar_clk_out_int_cmp_lt0000_cy<0>_rt)
     MUXCY:S->O            1   0.500   0.000  u_clk_divider/Mcompar_clk_out_int_cmp_lt0000_cy<0> (u_clk_divider/Mcompar_clk_out_int_cmp_lt0000_cy<0>)
     MUXCY:CI->O           1   0.064   0.000  u_clk_divider/Mcompar_clk_out_int_cmp_lt0000_cy<1> (u_clk_divider/Mcompar_clk_out_int_cmp_lt0000_cy<1>)
     MUXCY:CI->O           1   0.064   0.000  u_clk_divider/Mcompar_clk_out_int_cmp_lt0000_cy<2> (u_clk_divider/Mcompar_clk_out_int_cmp_lt0000_cy<2>)
     MUXCY:CI->O           1   0.064   0.000  u_clk_divider/Mcompar_clk_out_int_cmp_lt0000_cy<3> (u_clk_divider/Mcompar_clk_out_int_cmp_lt0000_cy<3>)
     MUXCY:CI->O           1   0.064   0.000  u_clk_divider/Mcompar_clk_out_int_cmp_lt0000_cy<4> (u_clk_divider/Mcompar_clk_out_int_cmp_lt0000_cy<4>)
     MUXCY:CI->O           1   0.064   0.000  u_clk_divider/Mcompar_clk_out_int_cmp_lt0000_cy<5> (u_clk_divider/Mcompar_clk_out_int_cmp_lt0000_cy<5>)
     MUXCY:CI->O          19   0.281   1.450  u_clk_divider/Mcompar_clk_out_int_cmp_lt0000_cy<6> (u_clk_divider/Mcompar_clk_out_int_cmp_lt0000_cy<6>)
     FDR:R                     1.026          u_clk_divider/vcount_0
    ----------------------------------------
    Total                      6.064ns (3.398ns logic, 2.666ns route)
                                       (56.0% logic, 44.0% route)

=========================================================================
Timing constraint: Default period analysis for Clock 'u_clk_divider/clk_out_int'
  Clock period: 2.816ns (frequency: 355.114MHz)
  Total number of paths / destination ports: 3 / 2
-------------------------------------------------------------------------
Delay:               2.816ns (Levels of Logic = 1)
  Source:            counter_1 (FF)
  Destination:       counter_1 (FF)
  Source Clock:      u_clk_divider/clk_out_int rising
  Destination Clock: u_clk_divider/clk_out_int rising

  Data Path: counter_1 to counter_1
                                Gate     Net
    Cell:in->out      fanout   Delay   Delay  Logical Name (Net Name)
    ----------------------------------------  ------------
     FD:C->Q               6   0.720   1.342  counter_1 (counter_1)
     LUT2:I0->O            1   0.551   0.000  Mcount_counter_xor<1>11 (Result<1>)
     FD:D                      0.203          counter_1
    ----------------------------------------
    Total                      2.816ns (1.474ns logic, 1.342ns route)
                                       (52.3% logic, 47.7% route)

=========================================================================
Timing constraint: Default OFFSET OUT AFTER for Clock 'u_clk_divider/clk_out_int'
  Total number of paths / destination ports: 10 / 6
-------------------------------------------------------------------------
Offset:              9.121ns (Levels of Logic = 2)
  Source:            counter_0 (FF)
  Destination:       AN<3> (PAD)
  Source Clock:      u_clk_divider/clk_out_int rising

  Data Path: counter_0 to AN<3>
                                Gate     Net
    Cell:in->out      fanout   Delay   Delay  Logical Name (Net Name)
    ----------------------------------------  ------------
     FDR:C->Q              7   0.720   1.405  counter_0 (counter_0)
     LUT2:I0->O            1   0.551   0.801  Mrom_AN31 (AN_3_OBUF)
     OBUF:I->O                 5.644          AN_3_OBUF (AN<3>)
    ----------------------------------------
    Total                      9.121ns (6.915ns logic, 2.206ns route)
                                       (75.8% logic, 24.2% route)

=========================================================================


Total REAL time to Xst completion: 3.00 secs
Total CPU time to Xst completion: 3.75 secs
 
--> 

Total memory usage is 4550288 kilobytes

Number of errors   :    0 (   0 filtered)
Number of warnings :    0 (   0 filtered)
Number of infos    :    1 (   0 filtered)

