Running: C:\Xilinx\14.6\ISE_DS\ISE\bin\nt64\unwrapped\fuse.exe -intstyle ise -incremental -o C:/CPE_USERS/-ESE-VHDL-Keypad_Controller/keypad_controler_tb_isim_beh.exe -prj C:/CPE_USERS/-ESE-VHDL-Keypad_Controller/keypad_controler_tb_beh.prj work.keypad_controler_tb 
ISim P.68d (signature 0x7708f090)
Number of CPUs detected in this system: 4
Turning on mult-threading, number of parallel sub-compilation jobs: 8 
Determining compilation order of HDL files
Parsing VHDL file "C:/CPE_USERS/-ESE-VHDL-Keypad_Controller/debounce_fsm.vhd" into library work
Parsing VHDL file "C:/CPE_USERS/-ESE-VHDL-Keypad_Controller/clk_divider.vhd" into library work
Parsing VHDL file "C:/CPE_USERS/-ESE-VHDL-Keypad_Controller/debounce.vhd" into library work
Parsing VHDL file "C:/CPE_USERS/-ESE-VHDL-Keypad_Controller/transcoder_7_segments.vhd" into library work
Parsing VHDL file "C:/CPE_USERS/-ESE-VHDL-Keypad_Controller/transcoder_2v4.vhd" into library work
Parsing VHDL file "C:/CPE_USERS/-ESE-VHDL-Keypad_Controller/keydetector.vhd" into library work
Parsing VHDL file "C:/CPE_USERS/-ESE-VHDL-Keypad_Controller/display_controller.vhd" into library work
Parsing VHDL file "C:/CPE_USERS/-ESE-VHDL-Keypad_Controller/debounced_keyboard.vhd" into library work
Parsing VHDL file "C:/CPE_USERS/-ESE-VHDL-Keypad_Controller/counter_2b.vhd" into library work
Parsing VHDL file "C:/CPE_USERS/-ESE-VHDL-Keypad_Controller/keypad_controler.vhd" into library work
Parsing VHDL file "C:/CPE_USERS/-ESE-VHDL-Keypad_Controller/keypad_controler_tb.vhd" into library work
Starting static elaboration
Completed static elaboration
Compiling package standard
Compiling package std_logic_1164
Compiling package numeric_std
Compiling architecture behavioral of entity clk_divider [\clk_divider(1250000)\]
Compiling architecture behavioral of entity counter_2b [counter_2b_default]
Compiling architecture behavioral of entity transcoder_2v4 [transcoder_2v4_default]
Compiling architecture behavioral of entity clk_divider [\clk_divider(25000)\]
Compiling architecture behavioral of entity debounce_fsm [debounce_fsm_default]
Compiling architecture behavioral of entity debounce [debounce_default]
Compiling architecture behavioral of entity debounced_keyboard [debounced_keyboard_default]
Compiling architecture behavioral of entity keydetector [keydetector_default]
Compiling architecture behavioral of entity clk_divider [\clk_divider(200000)\]
Compiling architecture behavioral of entity display_controller [display_controller_default]
Compiling architecture behavioral of entity transcoder_7_segments [transcoder_7_segments_default]
Compiling architecture behavioral of entity keypad_controler [keypad_controler_default]
Compiling architecture behavior of entity keypad_controler_tb
Time Resolution for simulation is 1ps.
Waiting for 8 sub-compilation(s) to finish...
Compiled 28 VHDL Units
Built simulation executable C:/CPE_USERS/-ESE-VHDL-Keypad_Controller/keypad_controler_tb_isim_beh.exe
Fuse Memory Usage: 36568 KB
Fuse CPU Usage: 670 ms
