--------------------------------------------------------------------------------
Release 14.7 Trace  (nt64)
Copyright (c) 1995-2013 Xilinx, Inc.  All rights reserved.

F:\Programmes\Xilinx\14.7\ISE_DS\ISE\bin\nt64\unwrapped\trce.exe -intstyle ise
-v 3 -s 4 -n 3 -fastpaths -xml keydetector.twx keydetector.ncd -o
keydetector.twr keydetector.pcf

Design file:              keydetector.ncd
Physical constraint file: keydetector.pcf
Device,package,speed:     xc3s200,ft256,-4 (PRODUCTION 1.39 2013-10-13)
Report level:             verbose report

Environment Variable      Effect 
--------------------      ------ 
NONE                      No environment variables were set
--------------------------------------------------------------------------------

INFO:Timing:2698 - No timing constraints found, doing default enumeration.
INFO:Timing:3412 - To improve timing, see the Timing Closure User Guide (UG612).
INFO:Timing:2752 - To get complete path coverage, use the unconstrained paths 
   option. All paths that are not constrained will be reported in the 
   unconstrained paths section(s) of the report.
INFO:Timing:3339 - The clock-to-out numbers in this timing report are based on 
   a 50 Ohm transmission line loading model.  For the details of this model, 
   and for more information on accounting for different loading conditions, 
   please see the device datasheet.
INFO:Timing:3390 - This architecture does not support a default System Jitter 
   value, please add SYSTEM_JITTER constraint to the UCF to modify the Clock 
   Uncertainty calculation.
INFO:Timing:3389 - This architecture does not support 'Discrete Jitter' and 
   'Phase Error' calculations, these terms will be zero in the Clock 
   Uncertainty calculation.  Please make appropriate modification to 
   SYSTEM_JITTER to account for the unsupported Discrete Jitter and Phase 
   Error.



Data Sheet report:
-----------------
All values displayed in nanoseconds (ns)

Pad to Pad
-----------------+---------------+---------+
Source Pad       |Destination Pad|  Delay  |
-----------------+---------------+---------+
colums_counter<0>|hexa_id<0>     |    8.931|
colums_counter<0>|hexa_id<1>     |    8.329|
colums_counter<0>|hexa_id<2>     |    8.298|
colums_counter<0>|hexa_id<3>     |    9.282|
colums_counter<1>|hexa_id<0>     |    8.217|
colums_counter<1>|hexa_id<1>     |    7.888|
colums_counter<1>|hexa_id<2>     |    7.857|
colums_counter<1>|hexa_id<3>     |    8.568|
lines<0>         |hexa_id<0>     |    9.668|
lines<0>         |hexa_id<1>     |    8.985|
lines<0>         |hexa_id<3>     |    9.764|
lines<0>         |non_activated  |    7.644|
lines<1>         |hexa_id<0>     |    8.696|
lines<1>         |hexa_id<1>     |    8.095|
lines<1>         |hexa_id<2>     |    8.594|
lines<1>         |hexa_id<3>     |    9.870|
lines<1>         |non_activated  |    7.735|
lines<2>         |hexa_id<0>     |    9.456|
lines<2>         |hexa_id<1>     |    8.394|
lines<2>         |hexa_id<2>     |    8.416|
lines<2>         |hexa_id<3>     |    9.895|
lines<2>         |non_activated  |    7.851|
lines<3>         |hexa_id<0>     |    9.650|
lines<3>         |hexa_id<1>     |    8.289|
lines<3>         |hexa_id<2>     |    8.258|
lines<3>         |hexa_id<3>     |    9.674|
lines<3>         |non_activated  |    7.624|
-----------------+---------------+---------+


Analysis completed Wed Mar 06 22:23:44 2019 
--------------------------------------------------------------------------------

Trace Settings:
-------------------------
Trace Settings 

Peak Memory Usage: 4490 MB



