Command line:
   counter_2b_tb_isim_beh.exe
     -simmode  gui
     -simrunnum  0
     -socket  50820

Thu Mar 07 19:53:31 2019


 Elaboration Time: 0.203125 sec

 Current Memory Usage: 5986.5 Meg

 Total Signals          : 14
 Total Nets             : 10
 Total Signal Drivers   : 7
 Total Blocks           : 5
 Total Primitive Blocks : 3
 Total Processes        : 6
 Total Traceable Variables  : 16
 Total Scalar Nets and Variables : 496
Total Line Count : 21

 Total Simulation Time: 6.89063 sec

 Current Memory Usage: 5986.47 Meg

Thu Mar 07 19:54:09 2019

