Command line:
   debounce_tb_isim_beh.exe
     -simmode  gui
     -simrunnum  0
     -socket  50636

Thu Mar 07 19:17:39 2019


 Elaboration Time: 0.203125 sec

 Current Memory Usage: 5986.41 Meg

 Total Signals          : 24
 Total Nets             : 12
 Total Signal Drivers   : 12
 Total Blocks           : 5
 Total Primitive Blocks : 3
 Total Processes        : 8
 Total Traceable Variables  : 11
 Total Scalar Nets and Variables : 375
Total Line Count : 48

 Total Simulation Time: 3.90625 sec

 Current Memory Usage: 5514.51 Meg

Thu Mar 07 19:18:55 2019

