Command line:
   display_controller_tb_isim_beh.exe
     -simmode  gui
     -simrunnum  1
     -socket  51708

Thu Mar 07 22:36:38 2019


 Elaboration Time: 0.25 sec

 Current Memory Usage: 5985.42 Meg

 Total Signals          : 12
 Total Nets             : 12
 Total Signal Drivers   : 7
 Total Blocks           : 5
 Total Primitive Blocks : 3
 Total Processes        : 7
 Total Traceable Variables  : 16
 Total Scalar Nets and Variables : 498
Total Line Count : 19

 Total Simulation Time: 3.5 sec

 Current Memory Usage: 5985.42 Meg

Thu Mar 07 22:36:53 2019

